<?xml version="1.0" encoding="UTF-8"?>
<!-- Generated by org.testng.reporters.JUnitReportReporter -->
<testsuite hostname="DESKTOP-4JSDMOS" failures="0" tests="5" name="com.ConduitAPI.tests.TC_004_CreatePost" time="0.046" errors="0" timestamp="2022-01-06T15:47:30 IST" skipped="0">
  <testcase classname="com.ConduitAPI.tests.TC_004_CreatePost" name="createPost_checkStatusCode" time="0.000"/>
  <system-out/>
  <testcase classname="com.ConduitAPI.tests.TC_004_CreatePost" name="createPost_checkResponseTime" time="0.000"/>
  <system-out/>
  <testcase classname="com.ConduitAPI.tests.TC_004_CreatePost" name="createPost_checkResponseTitle" time="0.018"/>
  <system-out/>
  <testcase classname="com.ConduitAPI.tests.TC_004_CreatePost" name="createPost_checkResponseDescription" time="0.011"/>
  <system-out/>
  <testcase classname="com.ConduitAPI.tests.TC_004_CreatePost" name="createPost_checkResponseBody" time="0.017"/>
  <system-out/>
</testsuite> <!-- com.ConduitAPI.tests.TC_004_CreatePost -->
