<?xml version="1.0" encoding="UTF-8"?>
<!-- Generated by org.testng.reporters.JUnitReportReporter -->
<testsuite hostname="DESKTOP-4JSDMOS" failures="0" tests="1" name="com.newTests_3.TC_003_GetUser_3" time="0.002" errors="0" timestamp="2022-01-05T18:06:42 IST" skipped="0">
  <testcase classname="com.newTests_3.TC_003_GetUser_3" name="checkStatusCode_getUser" time="0.002"/>
  <system-out/>
</testsuite> <!-- com.newTests_3.TC_003_GetUser_3 -->
