<?xml version="1.0" encoding="UTF-8"?>
<!-- Generated by org.testng.reporters.JUnitReportReporter -->
<testsuite hostname="DESKTOP-4JSDMOS" failures="0" tests="4" name="com.ConduitAPI.tests.TC_002_Login" time="0.026" errors="0" timestamp="2022-01-06T15:47:30 IST" skipped="0">
  <testcase classname="com.ConduitAPI.tests.TC_002_Login" name="LoginUser_checkStatusCode" time="0.001"/>
  <system-out/>
  <testcase classname="com.ConduitAPI.tests.TC_002_Login" name="LoginUser_checkResponseTime" time="0.001"/>
  <system-out/>
  <testcase classname="com.ConduitAPI.tests.TC_002_Login" name="LoginUser_checkResponseUsername" time="0.011"/>
  <system-out/>
  <testcase classname="com.ConduitAPI.tests.TC_002_Login" name="LoginUser_checkResponseEmail" time="0.013"/>
  <system-out/>
</testsuite> <!-- com.ConduitAPI.tests.TC_002_Login -->
