<?xml version="1.0" encoding="UTF-8"?>
<!-- Generated by org.testng.reporters.JUnitReportReporter -->
<testsuite hostname="DESKTOP-4JSDMOS" failures="0" tests="1" name="com.newTests_2.TC_004_CreatePost_2" time="0.009" errors="0" timestamp="2022-01-04T20:26:03 IST" skipped="0">
  <testcase classname="com.newTests_2.TC_004_CreatePost_2" name="checkStatusCode_createUser" time="0.009"/>
  <system-out/>
</testsuite> <!-- com.newTests_2.TC_004_CreatePost_2 -->
