<?xml version="1.0" encoding="UTF-8"?>
<!-- Generated by org.testng.reporters.JUnitReportReporter -->
<testsuite hostname="DESKTOP-4JSDMOS" failures="0" tests="1" name="com.newTests_2.TC_002_Login_2" time="0.012" errors="0" timestamp="2022-01-04T20:26:53 IST" skipped="0">
  <testcase classname="com.newTests_2.TC_002_Login_2" name="checkStatusCode_LoginUser" time="0.012"/>
  <system-out/>
</testsuite> <!-- com.newTests_2.TC_002_Login_2 -->
