<?xml version="1.0" encoding="UTF-8"?>
<!-- Generated by org.testng.reporters.JUnitReportReporter -->
<testsuite hostname="DESKTOP-4JSDMOS" failures="0" tests="1" name="com.ConduitAPI.testCases.TC_001_CreateUser" time="0.014" errors="0" timestamp="2022-01-04T17:21:56 IST" skipped="0">
  <testcase classname="com.ConduitAPI.testCases.TC_001_CreateUser" name="checkStatusCode_createUser" time="0.014"/>
  <system-out/>
</testsuite> <!-- com.ConduitAPI.testCases.TC_001_CreateUser -->
