<?xml version="1.0" encoding="UTF-8"?>
<!-- Generated by org.testng.reporters.JUnitReportReporter -->
<testsuite hostname="DESKTOP-4JSDMOS" failures="0" tests="1" name="com.newTests_2.TC_003_GetUser_2" time="0.019" errors="0" timestamp="2022-01-05T17:25:01 IST" skipped="0">
  <testcase classname="com.newTests_2.TC_003_GetUser_2" name="checkStatusCode_getUser" time="0.019"/>
  <system-out/>
</testsuite> <!-- com.newTests_2.TC_003_GetUser_2 -->
