<?xml version="1.0" encoding="UTF-8"?>
<!-- Generated by org.testng.reporters.JUnitReportReporter -->
<testsuite hostname="DESKTOP-4JSDMOS" failures="0" tests="1" name="com.ConduitAPI.testCases.TC_003_GetUser" time="0.922" errors="0" timestamp="2022-01-04T17:34:32 IST" skipped="0">
  <testcase classname="com.ConduitAPI.testCases.TC_003_GetUser" name="checkStatusCode_getUser" time="0.922"/>
  <system-out/>
</testsuite> <!-- com.ConduitAPI.testCases.TC_003_GetUser -->
