<?xml version="1.0" encoding="UTF-8"?>
<!-- Generated by org.testng.reporters.JUnitReportReporter -->
<testsuite hostname="DESKTOP-4JSDMOS" failures="0" tests="1" name="com.ConduitAPI.testCases.TestClass" time="2.853" errors="0" timestamp="2022-01-03T17:37:08 IST" skipped="0">
  <testcase classname="com.ConduitAPI.testCases.TestClass" name="createUser" time="2.853"/>
  <system-out/>
</testsuite> <!-- com.ConduitAPI.testCases.TestClass -->
