<?xml version="1.0" encoding="UTF-8"?>
<!-- Generated by org.testng.reporters.JUnitReportReporter -->
<testsuite hostname="DESKTOP-4JSDMOS" failures="0" tests="3" name="com.ConduitAPI.tests.TC_003_GetUser" time="0.004" errors="0" timestamp="2022-01-06T15:47:30 IST" skipped="1">
  <testcase classname="com.ConduitAPI.tests.TC_003_GetUser" name="getUser_checkStatusCode" time="0.002"/>
  <system-out/>
  <testcase classname="com.ConduitAPI.tests.TC_003_GetUser" name="getUser_checkResponseTime" time="0.002"/>
  <system-out/>
  <testcase classname="com.ConduitAPI.tests.TC_003_GetUser" name="getUser_checkResponseUsername">
    <skipped/>
  </testcase> <!-- getUser_checkResponseUsername -->
  <system-out/>
</testsuite> <!-- com.ConduitAPI.tests.TC_003_GetUser -->
