<?xml version="1.0" encoding="UTF-8"?>
<!-- Generated by org.testng.reporters.JUnitReportReporter -->
<testsuite hostname="DESKTOP-4JSDMOS" failures="0" tests="2" name="com.ConduitAPI.tests.TC_005_GetPost" time="0.002" errors="0" timestamp="2022-01-06T15:47:30 IST" skipped="0">
  <testcase classname="com.ConduitAPI.tests.TC_005_GetPost" name="getPost_checkStatusCode" time="0.001"/>
  <system-out/>
  <testcase classname="com.ConduitAPI.tests.TC_005_GetPost" name="getPost_checkResponseTime" time="0.001"/>
  <system-out/>
</testsuite> <!-- com.ConduitAPI.tests.TC_005_GetPost -->
