<?xml version="1.0" encoding="UTF-8"?>
<!-- Generated by org.testng.reporters.JUnitReportReporter -->
<testsuite hostname="DESKTOP-4JSDMOS" failures="0" tests="1" name="com.ConduitAPI.testCases.TC_002_GetUser" time="0.009" errors="0" timestamp="2022-01-03T17:29:25 IST" skipped="0">
  <testcase classname="com.ConduitAPI.testCases.TC_002_GetUser" name="checkStatusCode_getUser" time="0.009"/>
  <system-out/>
</testsuite> <!-- com.ConduitAPI.testCases.TC_002_GetUser -->
