<?xml version="1.0" encoding="UTF-8"?>
<!-- Generated by org.testng.reporters.JUnitReportReporter -->
<testsuite hostname="DESKTOP-4JSDMOS" failures="0" tests="4" name="com.ConduitAPI.tests.TC_001_CreateUser" time="0.041" errors="0" timestamp="2022-01-06T15:47:30 IST" skipped="0">
  <testcase classname="com.ConduitAPI.tests.TC_001_CreateUser" name="createUser_checkStatusCode" time="0.011"/>
  <system-out/>
  <testcase classname="com.ConduitAPI.tests.TC_001_CreateUser" name="createUser_checkResponseTime" time="0.002"/>
  <system-out/>
  <testcase classname="com.ConduitAPI.tests.TC_001_CreateUser" name="createUser_checkResponseUsername" time="0.017"/>
  <system-out/>
  <testcase classname="com.ConduitAPI.tests.TC_001_CreateUser" name="createUser_checkResponseEmail" time="0.011"/>
  <system-out/>
</testsuite> <!-- com.ConduitAPI.tests.TC_001_CreateUser -->
