<?xml version="1.0" encoding="UTF-8"?>
<!-- Generated by org.testng.reporters.JUnitReportReporter -->
<testsuite hostname="DESKTOP-4JSDMOS" failures="0" tests="1" name="com.ConduitAPI.testCases.TC_004_CreatePost2" time="0.677" errors="0" timestamp="2022-01-04T17:45:31 IST" skipped="0">
  <testcase classname="com.ConduitAPI.testCases.TC_004_CreatePost2" name="checkStatusCode_createUser" time="0.677"/>
  <system-out/>
</testsuite> <!-- com.ConduitAPI.testCases.TC_004_CreatePost2 -->
