<?xml version="1.0" encoding="UTF-8"?>
<!-- Generated by org.testng.reporters.JUnitReportReporter -->
<testsuite hostname="DESKTOP-4JSDMOS" failures="0" tests="2" name="com.ConduitAPI.testCases.TC_001_CreateRandUser2" time="0.037" errors="0" timestamp="2022-01-04T15:52:58 IST" skipped="0">
  <testcase classname="com.ConduitAPI.testCases.TC_001_CreateRandUser2" name="tokenValidation" time="0.031"/>
  <system-out/>
  <testcase classname="com.ConduitAPI.testCases.TC_001_CreateRandUser2" name="checkStatusCode_createUser" time="0.006"/>
  <system-out/>
</testsuite> <!-- com.ConduitAPI.testCases.TC_001_CreateRandUser2 -->
