<?xml version="1.0" encoding="UTF-8"?>
<!-- Generated by org.testng.reporters.JUnitReportReporter -->
<testsuite hostname="DESKTOP-4JSDMOS" failures="0" tests="1" name="com.ConduitAPI.testCases.TC_003_Login" time="0.005" errors="0" timestamp="2022-01-03T20:30:06 IST" skipped="0">
  <testcase classname="com.ConduitAPI.testCases.TC_003_Login" name="checkStatusCode_LoginUser" time="0.005"/>
  <system-out/>
</testsuite> <!-- com.ConduitAPI.testCases.TC_003_Login -->
