<?xml version="1.0" encoding="UTF-8"?>
<!-- Generated by org.testng.reporters.JUnitReportReporter -->
<testsuite hostname="DESKTOP-4JSDMOS" failures="0" tests="1" name="com.ConduitAPI.testCases.TC_001_CreateUser2" time="0.008" errors="0" timestamp="2022-01-04T17:53:55 IST" skipped="0">
  <testcase classname="com.ConduitAPI.testCases.TC_001_CreateUser2" name="checkStatusCode_createUser" time="0.008"/>
  <system-out/>
</testsuite> <!-- com.ConduitAPI.testCases.TC_001_CreateUser2 -->
