<?xml version="1.0" encoding="UTF-8"?>
<!-- Generated by org.testng.reporters.JUnitReportReporter -->
<testsuite hostname="DESKTOP-4JSDMOS" failures="0" tests="1" name="com.ConduitAPI.testCases.TC_002_Login" time="0.838" errors="0" timestamp="2022-01-04T17:33:23 IST" skipped="0">
  <testcase classname="com.ConduitAPI.testCases.TC_002_Login" name="checkStatusCode_LoginUser" time="0.838"/>
  <system-out/>
</testsuite> <!-- com.ConduitAPI.testCases.TC_002_Login -->
