<?xml version="1.0" encoding="UTF-8"?>
<!-- Generated by org.testng.reporters.JUnitReportReporter -->
<testsuite hostname="DESKTOP-4JSDMOS" failures="0" tests="1" name="com.ConduitAPI.testCases.TC_004_CreatePost" time="1.327" errors="0" timestamp="2022-01-04T17:40:35 IST" skipped="0">
  <testcase classname="com.ConduitAPI.testCases.TC_004_CreatePost" name="checkStatusCode_createUser" time="1.327"/>
  <system-out/>
</testsuite> <!-- com.ConduitAPI.testCases.TC_004_CreatePost -->
