<?xml version="1.0" encoding="UTF-8"?>
<!-- Generated by org.testng.reporters.JUnitReportReporter -->
<testsuite hostname="DESKTOP-4JSDMOS" failures="0" tests="1" name="com.newTests.TC_003_GetUser" time="0.001" errors="0" timestamp="2022-01-04T18:32:03 IST" skipped="0">
  <testcase classname="com.newTests.TC_003_GetUser" name="checkStatusCode_getUser" time="0.001"/>
  <system-out/>
</testsuite> <!-- com.newTests.TC_003_GetUser -->
